<?xml version="1.0" encoding="UTF-8"?>
<testng-results ignored="0" total="2" passed="2" failed="0" skipped="0">
  <reporter-output>
  </reporter-output>
  <suite started-at="2022-10-14T02:48:44 IST" name="Default suite" finished-at="2022-10-14T02:49:12 IST" duration-ms="27737">
    <groups>
    </groups>
    <test started-at="2022-10-14T02:48:44 IST" name="Default test" finished-at="2022-10-14T02:49:12 IST" duration-ms="27737">
      <class name="com.capstone.AadharRegister">
        <test-method signature="ChromeBrowser()[pri:0, instance:com.capstone.AadharRegister@28f3b248]" started-at="2022-10-14T02:48:44 IST" name="ChromeBrowser" finished-at="2022-10-14T02:48:56 IST" duration-ms="11322" status="PASS">
          <reporter-output>
          </reporter-output>
        </test-method> <!-- ChromeBrowser -->
        <test-method signature="TestHome()[pri:0, instance:com.capstone.AadharRegister@28f3b248]" started-at="2022-10-14T02:48:56 IST" name="TestHome" finished-at="2022-10-14T02:49:12 IST" duration-ms="16112" status="PASS">
          <reporter-output>
          </reporter-output>
        </test-method> <!-- TestHome -->
      </class> <!-- com.capstone.AadharRegister -->
    </test> <!-- Default test -->
  </suite> <!-- Default suite -->
</testng-results>
